#
# A fatal error has been detected by the Java Runtime Environment:
#
#  Internal Error (javaClasses.cpp:136), pid=12308, tid=11520
#  fatal error: Invalid layout of preloaded class
#
# JRE version:  (7.0_45-b18) (build )
# Java VM: Java HotSpot(TM) Client VM (24.45-b08 mixed mode windows-x86 )
# Failed to write core dump. Minidumps are not enabled by default on client versions of Windows
#
# If you would like to submit a bug report, please visit:
#   http://bugreport.sun.com/bugreport/crash.jsp
#

---------------  T H R E A D  ---------------

Current thread (0x02b3c000):  JavaThread "Unknown thread" [_thread_in_vm, id=11520, stack(0x025d0000,0x02620000)]

Stack: [0x025d0000,0x02620000],  sp=0x0261f3bc,  free space=316k
Native frames: (J=compiled Java code, j=interpreted, Vv=VM code, C=native code)
V  [jvm.dll+0x18df51]
V  [jvm.dll+0x187cc6]
V  [jvm.dll+0x3586a]
V  [jvm.dll+0x358f6]
V  [jvm.dll+0x4400d]
V  [jvm.dll+0x442be]
V  [jvm.dll+0x9263a]
V  [jvm.dll+0x929eb]
V  [jvm.dll+0x13daf1]
V  [jvm.dll+0x1605fc]
V  [jvm.dll+0xc8ebf]
C  [javaw.exe+0x13ce]
C  [javaw.exe+0x1e40]
C  [javaw.exe+0xa5b1]
C  [javaw.exe+0xa63b]
C  [KERNEL32.dll+0x2850d]
C  [ntdll.dll+0x5bf39]
C  [ntdll.dll+0x5bf0c]


---------------  P R O C E S S  ---------------

Java Threads: ( => current thread )

Other Threads:

=>0x02b3c000 (exited) JavaThread "Unknown thread" [_thread_in_vm, id=11520, stack(0x025d0000,0x02620000)]

VM state:not at safepoint (not fully initialized)

VM Mutex/Monitor currently owned by a thread: None

GC Heap History (0 events):
No events

Deoptimization events (0 events):
No events

Internal exceptions (0 events):
No events

Events (10 events):
Event: 0.112 loading class 0x029db128 done
Event: 0.112 loading class 0x029dabb8 done
Event: 0.112 loading class 0x029dab98
Event: 0.113 loading class 0x029e1ec0
Event: 0.113 loading class 0x029e1ec0 done
Event: 0.113 loading class 0x029e1ef0
Event: 0.113 loading class 0x029e1ef0 done
Event: 0.113 loading class 0x029e1f20
Event: 0.113 loading class 0x029e1f20 done
Event: 0.113 loading class 0x029dab98 done


Dynamic libraries:
0x00e40000 - 0x00e6f000 	C:\Program Files (x86)\Java\jre7\bin\javaw.exe
0x77d90000 - 0x77ee7000 	C:\windows\SYSTEM32\ntdll.dll
0x71010000 - 0x7104f000 	C:\Program Files\AVAST Software\Avast\snxhk.dll
0x761b0000 - 0x762e0000 	C:\windows\SYSTEM32\KERNEL32.dll
0x76840000 - 0x768e6000 	C:\windows\SYSTEM32\KERNELBASE.dll
0x753f0000 - 0x7549e000 	C:\windows\SYSTEM32\ADVAPI32.dll
0x75e00000 - 0x75f16000 	C:\windows\SYSTEM32\USER32.dll
0x735c0000 - 0x737b8000 	C:\windows\WinSxS\x86_microsoft.windows.common-controls_6595b64144ccf1df_6.0.9200.16579_none_8937eec6860750f5\COMCTL32.dll
0x76630000 - 0x766e1000 	C:\windows\SYSTEM32\msvcrt.dll
0x75f30000 - 0x75f64000 	C:\windows\SYSTEM32\sechost.dll
0x76320000 - 0x763cc000 	C:\windows\SYSTEM32\RPCRT4.dll
0x75570000 - 0x7566d000 	C:\windows\SYSTEM32\GDI32.dll
0x753d0000 - 0x753ec000 	C:\windows\SYSTEM32\SspiCli.dll
0x753c0000 - 0x753c9000 	C:\windows\SYSTEM32\CRYPTBASE.dll
0x75360000 - 0x753b1000 	C:\windows\SYSTEM32\bcryptPrimitives.dll
0x76170000 - 0x76190000 	C:\windows\system32\IMM32.DLL
0x75cf0000 - 0x75dce000 	C:\windows\SYSTEM32\MSCTF.dll
0x6a1a0000 - 0x6a25f000 	C:\Program Files (x86)\Java\jre7\bin\msvcr100.dll
0x6a260000 - 0x6a5e0000 	C:\Program Files (x86)\Java\jre7\bin\client\jvm.dll
0x75060000 - 0x75068000 	C:\windows\SYSTEM32\WSOCK32.dll
0x73e30000 - 0x73e51000 	C:\windows\SYSTEM32\WINMM.dll
0x75f20000 - 0x75f26000 	C:\windows\SYSTEM32\PSAPI.DLL
0x75520000 - 0x75570000 	C:\windows\SYSTEM32\WS2_32.dll
0x73cb0000 - 0x73cdb000 	C:\windows\SYSTEM32\WINMMBASE.dll
0x76830000 - 0x76838000 	C:\windows\SYSTEM32\NSI.dll
0x75b10000 - 0x75b56000 	C:\windows\SYSTEM32\cfgmgr32.dll
0x76190000 - 0x761ae000 	C:\windows\SYSTEM32\DEVOBJ.dll
0x74570000 - 0x7457c000 	C:\Program Files (x86)\Java\jre7\bin\verify.dll
0x74490000 - 0x744b0000 	C:\Program Files (x86)\Java\jre7\bin\java.dll
0x6fae0000 - 0x6fb0a000 	C:\Program Files (x86)\Java\jre7\bin\jdwp.dll
0x718b0000 - 0x718b7000 	C:\Program Files (x86)\Java\jre7\bin\npt.dll
0x74470000 - 0x74483000 	C:\Program Files (x86)\Java\jre7\bin\zip.dll
0x73820000 - 0x73949000 	C:\windows\SYSTEM32\dbghelp.dll

VM Arguments:
jvm_args: -agentlib:jdwp=transport=dt_socket,suspend=y,address=localhost:63208 -Dfile.encoding=GBK -Xbootclasspath:D:\adt-bundle-windows-x86-20130917\sdk\platforms\android-18\android.jar 
java_command: com.cc.fileSys.client.function.DeviceServer
Launcher Type: SUN_STANDARD

Environment Variables:
JAVA_HOME=C:\Program Files (x86)\Java\jdk1.7.0_21
PATH=C:/Program Files (x86)/Java/jre7/bin/client;C:/Program Files (x86)/Java/jre7/bin;C:/Program Files (x86)/Java/jre7/lib/i386;C:\Program Files (x86)\NVIDIA Corporation\PhysX\Common;C:\Program Files (x86)\Intel\iCLS Client\;C:\Program Files\Intel\iCLS Client\;C:\windows\system32;C:\windows;C:\windows\System32\Wbem;C:\windows\System32\WindowsPowerShell\v1.0\;C:\Program Files (x86)\Windows Live\Shared;C:\Program Files\Intel\Intel(R) Management Engine Components\DAL;C:\Program Files\Intel\Intel(R) Management Engine Components\IPT;C:\Program Files (x86)\Intel\Intel(R) Management Engine Components\DAL;C:\Program Files (x86)\Intel\Intel(R) Management Engine Components\IPT;C:\Program Files (x86)\Intel\OpenCL SDK\2.0\bin\x86;C:\Program Files (x86)\Intel\OpenCL SDK\2.0\bin\x64;C:\Program Files (x86)\MySQL\MySQL Utilities 1.3.4\;C:\Program Files (x86)\Java\jdk1.7.0_21\bin;C:\Program Files (x86)\MIT\Kerberos\bin;.;;D:\adt-bundle-windows-x86-20130917\eclipse;
USERNAME=Qingyun
OS=Windows_NT
PROCESSOR_IDENTIFIER=Intel64 Family 6 Model 58 Stepping 9, GenuineIntel



---------------  S Y S T E M  ---------------

OS: Windows 8 , 64 bit Build 9200 

CPU:total 8 (4 cores per cpu, 2 threads per core) family 6 model 58 stepping 9, cmov, cx8, fxsr, mmx, sse, sse2, sse3, ssse3, sse4.1, sse4.2, popcnt, avx, aes, erms, ht, tsc, tscinvbit, tscinv

Memory: 4k page, physical 8270044k(4577064k free), swap 9842908k(4963264k free)

vm_info: Java HotSpot(TM) Client VM (24.45-b08) for windows-x86 JRE (1.7.0_45-b18), built on Oct  8 2013 06:02:43 by "java_re" with unknown MS VC++:1600

time: Fri Nov 22 22:10:53 2013
elapsed time: 0 seconds

